<?xml version="1.0" encoding="UTF-8"?>
<!-- Generated by org.testng.reporters.JUnitXMLReporter -->
<testsuite ignored="0" hostname="HarishVarMa" failures="0" tests="4" name="TestNG App Test" time="33.448" errors="0" timestamp="2024-12-11T09:34:08 SAST">
  <testcase classname="docker.FirefoxTest1" name="test1" time="10.282"/>
  <testcase classname="docker.FirefoxTest2" name="test2" time="17.959"/>
  <testcase classname="docker.ChromeTest2" name="test2" time="25.765"/>
  <testcase classname="docker.ChromeTest1" name="test1" time="33.39"/>
</testsuite> <!-- TestNG App Test -->
