<?xml version="1.0" encoding="UTF-8"?>
<testng-results ignored="0" total="4" passed="4" failed="0" skipped="0">
  <reporter-output>
  </reporter-output>
  <suite started-at="2024-12-11T09:33:34 SAST" name="Test Automation Suite" finished-at="2024-12-11T09:34:08 SAST" duration-ms="33448">
    <groups>
    </groups>
    <test started-at="2024-12-11T09:33:34 SAST" name="TestNG App Test" finished-at="2024-12-11T09:34:08 SAST" duration-ms="33448">
      <class name="docker.ChromeTest1">
        <test-method signature="test1()[pri:0, instance:docker.ChromeTest1@6d3a388c]" started-at="2024-12-11T09:33:35 SAST" name="test1" finished-at="2024-12-11T09:34:08 SAST" duration-ms="33390" status="PASS">
          <reporter-output>
          </reporter-output>
        </test-method> <!-- test1 -->
      </class> <!-- docker.ChromeTest1 -->
      <class name="docker.FirefoxTest1">
        <test-method signature="test1()[pri:0, instance:docker.FirefoxTest1@3514a4c0]" started-at="2024-12-11T09:33:35 SAST" name="test1" finished-at="2024-12-11T09:33:45 SAST" duration-ms="10282" status="PASS">
          <reporter-output>
          </reporter-output>
        </test-method> <!-- test1 -->
      </class> <!-- docker.FirefoxTest1 -->
      <class name="docker.FirefoxTest2">
        <test-method signature="test2()[pri:0, instance:docker.FirefoxTest2@212b5695]" started-at="2024-12-11T09:33:35 SAST" name="test2" finished-at="2024-12-11T09:33:53 SAST" duration-ms="17959" status="PASS">
          <reporter-output>
          </reporter-output>
        </test-method> <!-- test2 -->
      </class> <!-- docker.FirefoxTest2 -->
      <class name="docker.ChromeTest2">
        <test-method signature="test2()[pri:0, instance:docker.ChromeTest2@29d89d5d]" started-at="2024-12-11T09:33:35 SAST" name="test2" finished-at="2024-12-11T09:34:00 SAST" duration-ms="25765" status="PASS">
          <reporter-output>
          </reporter-output>
        </test-method> <!-- test2 -->
      </class> <!-- docker.ChromeTest2 -->
    </test> <!-- TestNG App Test -->
  </suite> <!-- Test Automation Suite -->
</testng-results>
